<?xml version="1.0" encoding="UTF-8"?>
<!-- Generated by org.testng.reporters.JUnitReportReporter -->
<testsuite skipped="0" hostname="india-its-mbp-6.global.tektronix.net" name="TestNGExample.ParallelTest" tests="3" failures="0" timestamp="08 Aug 2018 13:44:51 GMT" time="0.007" errors="0">
  <testcase name="f" time="0.001" classname="TestNGExample.ParallelTest"/>
  <testcase name="f" time="0.001" classname="TestNGExample.ParallelTest"/>
  <testcase name="f" time="0.005" classname="TestNGExample.ParallelTest"/>
</testsuite> <!-- TestNGExample.ParallelTest -->
