<?xml version="1.0" encoding="UTF-8"?>
<!-- Generated by org.testng.reporters.JUnitReportReporter -->
<testsuite skipped="0" hostname="india-its-mbp-6.global.tektronix.net" name="TestNGExample.TestAlert" tests="1" failures="0" timestamp="10 Aug 2018 07:05:02 GMT" time="12.552" errors="0">
  <testcase name="testAlert" time="12.552" classname="TestNGExample.TestAlert"/>
</testsuite> <!-- TestNGExample.TestAlert -->
