<?xml version="1.0" encoding="UTF-8"?>
<!-- Generated by org.testng.reporters.JUnitReportReporter -->
<testsuite skipped="0" hostname="india-its-mbp-6.global.tektronix.net" name="DataProvider.PNCDataPrivider" tests="5" failures="0" timestamp="08 Aug 2018 13:44:51 GMT" time="0.011" errors="0">
  <testcase name="testValidatePrime" time="0.002" classname="DataProvider.PNCDataPrivider"/>
  <testcase name="testValidatePrime" time="0.002" classname="DataProvider.PNCDataPrivider"/>
  <testcase name="testValidatePrime" time="0.002" classname="DataProvider.PNCDataPrivider"/>
  <testcase name="testValidatePrime" time="0.001" classname="DataProvider.PNCDataPrivider"/>
  <testcase name="testValidatePrime" time="0.004" classname="DataProvider.PNCDataPrivider"/>
</testsuite> <!-- DataProvider.PNCDataPrivider -->
