<?xml version="1.0" encoding="UTF-8"?>
<!-- Generated by org.testng.reporters.JUnitReportReporter -->
<testsuite skipped="0" hostname="india-its-mbp-6.global.tektronix.net" name="AppiumTest.AndroidTest" tests="1" failures="0" timestamp="10 Aug 2018 06:22:19 GMT" time="0.018" errors="0">
  <testcase name="TC_Add" time="0.018" classname="AppiumTest.AndroidTest"/>
</testsuite> <!-- AppiumTest.AndroidTest -->
